added manifest
adding: .gitignore(in = 78) (out= 66)(deflated 15%)
adding: a13-jar.err(in = 0) (out= 0)(stored 0%)
adding: a13-jar.out(in = 118) (out= 94)(deflated 20%)
adding: Controler/(in = 0) (out= 0)(stored 0%)
adding: Controler/KeyHandler.class(in = 1337) (out= 745)(deflated 44%)
adding: Controler/package-info.class(in = 115) (out= 99)(deflated 13%)
adding: game-jar.err(in = 0) (out= 0)(stored 0%)
adding: game-jar.out(in = 6817) (out= 948)(deflated 86%)
adding: Game.jar(in = 273014) (out= 198634)(deflated 27%)
adding: images/(in = 0) (out= 0)(stored 0%)
adding: images/map/(in = 0) (out= 0)(stored 0%)
adding: images/map/ground.png(in = 14347) (out= 2678)(deflated 81%)
adding: images/map/hill1.png(in = 14264) (out= 2568)(deflated 81%)
adding: images/map/hill2.png(in = 14259) (out= 2563)(deflated 82%)
adding: images/map/hill3.png(in = 14204) (out= 2487)(deflated 82%)
adding: images/map/hill4.png(in = 14263) (out= 2571)(deflated 81%)
adding: images/map/hill5.png(in = 14266) (out= 2571)(deflated 81%)
adding: images/map/hill6.png(in = 14243) (out= 2538)(deflated 82%)
adding: images/map/maps/(in = 0) (out= 0)(stored 0%)
adding: images/map/maps/map01.txt(in = 398) (out= 41)(deflated 89%)
adding: images/map/sky.png(in = 14204) (out= 2482)(deflated 82%)
adding: images/player/(in = 0) (out= 0)(stored 0%)
adding: images/player/mario_idle.gif(in = 340) (out= 271)(deflated 20%)
adding: images/player/mario_idle_left.gif(in = 233) (out= 200)(deflated 14%)
adding: images/player/mario_jump1_right.gif(in = 229) (out= 226)(deflated 1%)
adding: images/player/mario_jump2_right.gif(in = 223) (out= 179)(deflated 19%)
adding: images/player/mario_walk1.gif(in = 121) (out= 112)(deflated 7%)
adding: images/player/mario_walk1Left.gif(in = 121) (out= 111)(deflated 8%)
adding: images/player/mario_walk2.gif(in = 214) (out= 191)(deflated 10%)
adding: images/player/mario_walk2Left.gif(in = 163) (out= 162)(deflated 0%)
adding: images/player/mario_walk3.gif(in = 556) (out= 428)(deflated 23%)
adding: images/player/mario_walk3Left.gif(in = 244) (out= 226)(deflated 7%)
adding: Main/(in = 0) (out= 0)(stored 0%)
adding: Main/DriverMain.class(in = 307) (out= 232)(deflated 24%)
adding: Main/package-info.class(in = 110) (out= 93)(deflated 15%)
adding: map/(in = 0) (out= 0)(stored 0%)
adding: map/.gitignore(in = 87) (out= 40)(deflated 54%)
adding: map/ground.png(in = 14347) (out= 2678)(deflated 81%)
adding: map/hill1.png(in = 14264) (out= 2568)(deflated 81%)
adding: map/hill2.png(in = 14259) (out= 2563)(deflated 82%)
adding: map/hill3.png(in = 14204) (out= 2487)(deflated 82%)
adding: map/hill4.png(in = 14263) (out= 2571)(deflated 81%)
adding: map/hill5.png(in = 14266) (out= 2571)(deflated 81%)
adding: map/hill6.png(in = 14243) (out= 2538)(deflated 82%)
adding: map/maps/(in = 0) (out= 0)(stored 0%)
adding: map/maps/.gitignore(in = 11) (out= 13)(deflated -18%)
adding: map/maps/map01.txt(in = 398) (out= 41)(deflated 89%)
adding: map/sky.png(in = 14204) (out= 2482)(deflated 82%)
adding: Model/(in = 0) (out= 0)(stored 0%)
adding: Model/CollisionChecker.class(in = 2103) (out= 1064)(deflated 49%)
adding: Model/entity.class(in = 693) (out= 432)(deflated 37%)
adding: Model/package-info.class(in = 111) (out= 95)(deflated 14%)
adding: Model/Player.class(in = 5073) (out= 2602)(deflated 48%)
adding: player/(in = 0) (out= 0)(stored 0%)
adding: player/maps/(in = 0) (out= 0)(stored 0%)
adding: player/maps/map01.txt(in = 398) (out= 41)(deflated 89%)
adding: player/mario_idle.gif(in = 340) (out= 271)(deflated 20%)
adding: player/mario_idle_left.gif(in = 233) (out= 200)(deflated 14%)
adding: player/mario_jump1_right.gif(in = 229) (out= 226)(deflated 1%)
adding: player/mario_jump2_right.gif(in = 223) (out= 179)(deflated 19%)
adding: player/mario_walk1.gif(in = 121) (out= 112)(deflated 7%)
adding: player/mario_walk1Left.gif(in = 121) (out= 111)(deflated 8%)
adding: player/mario_walk2.gif(in = 214) (out= 191)(deflated 10%)
adding: player/mario_walk2Left.gif(in = 163) (out= 162)(deflated 0%)
adding: player/mario_walk3.gif(in = 556) (out= 428)(deflated 23%)
adding: player/mario_walk3Left.gif(in = 244) (out= 226)(deflated 7%)
adding: player/package-info.class(in = 112) (out= 96)(deflated 14%)
adding: player/tiles/(in = 0) (out= 0)(stored 0%)
adding: player/tiles/ground.png(in = 14347) (out= 2678)(deflated 81%)
adding: player/tiles/hill1.png(in = 14264) (out= 2568)(deflated 81%)
adding: player/tiles/hill2.png(in = 14259) (out= 2563)(deflated 82%)
adding: player/tiles/hill3.png(in = 14204) (out= 2487)(deflated 82%)
adding: player/tiles/hill4.png(in = 14263) (out= 2571)(deflated 81%)
adding: player/tiles/hill5.png(in = 14266) (out= 2571)(deflated 81%)
adding: player/tiles/hill6.png(in = 14243) (out= 2538)(deflated 82%)
adding: player/tiles/sky.png(in = 14204) (out= 2482)(deflated 82%)
adding: sprites/(in = 0) (out= 0)(stored 0%)
adding: sprites/map/(in = 0) (out= 0)(stored 0%)
adding: sprites/map/ground.png(in = 14347) (out= 2678)(deflated 81%)
adding: sprites/map/hill1.png(in = 14264) (out= 2568)(deflated 81%)
adding: sprites/map/hill2.png(in = 14259) (out= 2563)(deflated 82%)
adding: sprites/map/hill3.png(in = 14204) (out= 2487)(deflated 82%)
adding: sprites/map/hill4.png(in = 14263) (out= 2571)(deflated 81%)
adding: sprites/map/hill5.png(in = 14266) (out= 2571)(deflated 81%)
adding: sprites/map/hill6.png(in = 14243) (out= 2538)(deflated 82%)
adding: sprites/map/maps/(in = 0) (out= 0)(stored 0%)
adding: sprites/map/maps/map01.txt(in = 398) (out= 41)(deflated 89%)
adding: sprites/map/sky.png(in = 14204) (out= 2482)(deflated 82%)
adding: sprites/player/(in = 0) (out= 0)(stored 0%)
adding: sprites/player/mario_idle.gif(in = 340) (out= 271)(deflated 20%)
adding: sprites/player/mario_idle_left.gif(in = 233) (out= 200)(deflated 14%)
adding: sprites/player/mario_jump1_right.gif(in = 229) (out= 226)(deflated 1%)
adding: sprites/player/mario_jump2_right.gif(in = 223) (out= 179)(deflated 19%)
adding: sprites/player/mario_walk1.gif(in = 121) (out= 112)(deflated 7%)
adding: sprites/player/mario_walk1Left.gif(in = 121) (out= 111)(deflated 8%)
adding: sprites/player/mario_walk2.gif(in = 214) (out= 191)(deflated 10%)
adding: sprites/player/mario_walk2Left.gif(in = 163) (out= 162)(deflated 0%)
adding: sprites/player/mario_walk3.gif(in = 556) (out= 428)(deflated 23%)
adding: sprites/player/mario_walk3Left.gif(in = 244) (out= 226)(deflated 7%)
adding: View/(in = 0) (out= 0)(stored 0%)
adding: View/GamePanel.class(in = 2577) (out= 1547)(deflated 39%)
adding: View/MainFrame.class(in = 1220) (out= 797)(deflated 34%)
adding: View/package-info.class(in = 110) (out= 93)(deflated 15%)
adding: View/Tile.class(in = 279) (out= 223)(deflated 20%)
adding: View/TileManager.class(in = 3171) (out= 1629)(deflated 48%)
adding: View/UIElements.class(in = 2664) (out= 1485)(deflated 44%)
